
Showing logs for build [32mcb-kubecd-environment-pr-205-25-jz5jw-1[0m stage [32mfrom-build-pack[0m and container [32mstep-credential-initializer-4v2nh[0m
{"level":"info","ts":1587220937.0574744,"logger":"fallback-logger","caller":"logging/config.go:69","msg":"Fetch GitHub commit ID from kodata failed: open /var/run/ko/refs/heads/0.8.0-ns-support: no such file or directory"}
{"level":"info","ts":1587220937.057942,"logger":"fallback-logger","caller":"creds-init/main.go:40","msg":"Credentials initialized."}

Showing logs for build [32mcb-kubecd-environment-pr-205-25-jz5jw-1[0m stage [32mfrom-build-pack[0m and container [32mstep-working-dir-initializer-ttnqp[0m
{"level":"info","ts":1587220938.475346,"logger":"fallback-logger","caller":"logging/config.go:69","msg":"Fetch GitHub commit ID from kodata failed: open /var/run/ko/HEAD: no such file or directory"}
{"level":"info","ts":1587220938.477859,"logger":"fallback-logger","caller":"bash/main.go:64","msg":"Successfully executed command \"sh -c mkdir -p /workspace/source\"; output "}

Showing logs for build [32mcb-kubecd-environment-pr-205-25-jz5jw-1[0m stage [32mfrom-build-pack[0m and container [32mstep-place-tools[0m

Showing logs for build [32mcb-kubecd-environment-pr-205-25-jz5jw-1[0m stage [32mfrom-build-pack[0m and container [32mstep-git-source-cb-kubecd-environment-pr-205-25-jz5jw-nbbg8[0m
{"level":"info","ts":1587220966.6819685,"logger":"fallback-logger","caller":"logging/config.go:69","msg":"Fetch GitHub commit ID from kodata failed: open /var/run/ko/refs/heads/0.8.0-ns-support: no such file or directory"}
{"level":"info","ts":1587220967.739842,"logger":"fallback-logger","caller":"git/git.go:103","msg":"Successfully cloned https://github.com/cb-kubecd/environment-pr-205-25-boot-gke-production.git @ master in path /workspace/source"}

Showing logs for build [32mcb-kubecd-environment-pr-205-25-jz5jw-1[0m stage [32mfrom-build-pack[0m and container [32mstep-git-merge[0m
Using SHAs from PULL_REFS=master:d5d6b90005133759c6628c973f8433c2e3e0f892,1:fb077e29bfc535f1a6a6feac8e462d7e1356136a
DEBUG: LC_ALL=C JX_LOG_LEVEL=error git fetch origin --unshallow fb077e29bfc535f1a6a6feac8e462d7e1356136a: d5d6b90005133759c6628c973f8433c2e3e0f892:
DEBUG: ran git fetch --unshallow origin fb077e29bfc535f1a6a6feac8e462d7e1356136a: d5d6b90005133759c6628c973f8433c2e3e0f892: in 
DEBUG: LC_ALL=C JX_LOG_LEVEL=error git branch
DEBUG: JX_LOG_LEVEL=error LC_ALL=C git checkout master
DEBUG: ran git checkout master in 
DEBUG: LC_ALL=C JX_LOG_LEVEL=error git reset --hard d5d6b90005133759c6628c973f8433c2e3e0f892
DEBUG: ran git reset --hard d5d6b90005133759c6628c973f8433c2e3e0f892 in 
DEBUG: LC_ALL=C JX_LOG_LEVEL=error git clean -fd .
DEBUG: ran clean --force -d . in 
DEBUG: LC_ALL=C JX_LOG_LEVEL=error git merge fb077e29bfc535f1a6a6feac8e462d7e1356136a
DEBUG: ran git merge fb077e29bfc535f1a6a6feac8e462d7e1356136a in 
DEBUG: LC_ALL=C JX_LOG_LEVEL=error git log --format=%H%x1f%an%x1f%ae%x1f%cn%x1f%ce%x1f%s%n%b%x1e d5d6b90005133759c6628c973f8433c2e3e0f892..HEAD
Merged SHA fb077e29bfc535f1a6a6feac8e462d7e1356136a with commit message 'chore: Promote bdd-spring-1587219984 to version 0.0.1' into base branch master

Showing logs for build [32mcb-kubecd-environment-pr-205-25-jz5jw-1[0m stage [32mfrom-build-pack[0m and container [32mstep-build-helm-build[0m
WARNING: No $CHART_REPOSITORY defined so using the default value of: http://jenkins-x-chartmuseum:8080
Adding missing Helm repo: storage.googleapis.com https://storage.googleapis.com/chartmuseum.jenkins-x.io
WARNING: No secrets found on "helm/repos" due: reading the secret "helm/repos" from vault: no secret "helm/repos" not found in vault
Read credentials for https://storage.googleapis.com/chartmuseum.jenkins-x.io from vault helm/repos
Successfully added Helm repository storage.googleapis.com.
Adding missing Helm repo: jenkins-x-chartmuseum http://jenkins-x-chartmuseum:8080
WARNING: No secrets found on "helm/repos" due: reading the secret "helm/repos" from vault: no secret "helm/repos" not found in vault
Read credentials for http://jenkins-x-chartmuseum:8080 from vault helm/repos
Successfully added Helm repository jenkins-x-chartmuseum.
WARNING: No $CHART_REPOSITORY defined so using the default value of: http://jenkins-x-chartmuseum:8080
Adding missing Helm repo: chartmuseum.jenkins-x.io http://chartmuseum.jenkins-x.io
WARNING: No secrets found on "helm/repos" due: reading the secret "helm/repos" from vault: no secret "helm/repos" not found in vault
Read credentials for http://chartmuseum.jenkins-x.io from vault helm/repos
Successfully added Helm repository chartmuseum.jenkins-x.io.
